<?xml version="1.0" encoding="UTF-8"?>
<testsuite xmlns:xsi="http://www.w3.org/2001/XMLSchema-instance" xsi:noNamespaceSchemaLocation="https://maven.apache.org/surefire/maven-surefire-plugin/xsd/surefire-test-report-3.0.xsd" version="3.0" name="TestSuite" time="121.445" tests="20" errors="0" skipped="0" failures="0">
  <properties>
[...]
</properties>
  <testcase name="runScenario[&quot;User registers with invalid data&quot;, &quot;Demo Web Shop Testing&quot;](1)" classname="Runner.TestRunner" time="9.915">
    <system-out><![CDATA[
Scenario: User registers with invalid data     &amp#27;[90m# src/test/resources/features/demowebshop.feature:3&amp#27;[0m

Scenario: User registers with invalid data     &amp#27;[90m# src/test/resources/features/demowebshop.feature:3&amp#27;[0m
  &amp#27;[32mGiven &amp#27;[0m&amp#27;[32mUser is on the registration page&amp#27;[0m       &amp#27;[90m# StepsDefinition.DemoWebShopSteps.user_is_on_the_registration_page()&amp#27;[0m
  &amp#27;[32mGiven &amp#27;[0m&amp#27;[32mUser is on the registration page&amp#27;[0m       &amp#27;[90m# StepsDefinition.DemoWebShopSteps.user_is_on_the_registration_page()&amp#27;[0m
  &amp#27;[32mWhen &amp#27;[0m&amp#27;[32mUser enters invalid details in the form&amp#27;[0m &amp#27;[90m# StepsDefinition.DemoWebShopSteps.user_enters_invalid_details_in_the_form()&amp#27;[0m
  &amp#27;[32mWhen &amp#27;[0m&amp#27;[32mUser enters invalid details in the form&amp#27;[0m &amp#27;[90m# StepsDefinition.DemoWebShopSteps.user_enters_invalid_details_in_the_form()&amp#27;[0m
  &amp#27;[32mAnd &amp#27;[0m&amp#27;[32mUser click the register&amp#27;[0m                  &amp#27;[90m# StepsDefinition.DemoWebShopSteps.user_click_the_register()&amp#27;[0m
The specified email already exists
  &amp#27;[32mThen &amp#27;[0m&amp#27;[32mError message is displayed&amp#27;[0m              &amp#27;[90m# StepsDefinition.DemoWebShopSteps.error_message_is_displayed()&amp#27;[0m
  &amp#27;[32mAnd &amp#27;[0m&amp#27;[32mUser click the register&amp#27;[0m                  &amp#27;[90m# StepsDefinition.DemoWebShopSteps.user_click_the_register()&amp#27;[0m
]]></system-out>
    <system-err><![CDATA[SLF4J(W): No SLF4J providers were found.
SLF4J(W): Defaulting to no-operation (NOP) logger implementation
SLF4J(W): See https://www.slf4j.org/codes.html#noProviders for further details.
Mar 26, 2025 11:58:11 AM org.openqa.selenium.devtools.CdpVersionFinder findNearestMatch
WARNING: Unable to find an exact match for CDP version 134, returning the closest version; found: 133; Please update to a Selenium version that supports CDP version 134
Mar 26, 2025 11:58:11 AM org.openqa.selenium.devtools.CdpVersionFinder findNearestMatch
WARNING: Unable to find an exact match for CDP version 134, returning the closest version; found: 133; Please update to a Selenium version that supports CDP version 134
]]></system-err>
  </testcase>
  <testcase name="runScenario[&quot;User registers with invalid data&quot;, &quot;Demo Web Shop Testing&quot;](1)" classname="Runner.TestRunner" time="1.427">
    <system-out><![CDATA[The specified email already exists
  &amp#27;[32mThen &amp#27;[0m&amp#27;[32mError message is displayed&amp#27;[0m              &amp#27;[90m# StepsDefinition.DemoWebShopSteps.error_message_is_displayed()&amp#27;[0m

Scenario: User registers and logs in successfully         &amp#27;[90m# src/test/resources/features/demowebshop.feature:9&amp#27;[0m
]]></system-out>
    <system-err><![CDATA[Mar 26, 2025 11:58:18 AM org.openqa.selenium.devtools.CdpVersionFinder findNearestMatch
WARNING: Unable to find an exact match for CDP version 134, returning the closest version; found: 133; Please update to a Selenium version that supports CDP version 134
]]></system-err>
  </testcase>
  <testcase name="runScenario[&quot;User registers and logs in successfully&quot;, &quot;Demo Web Shop Testing&quot;](2)" classname="Runner.TestRunner" time="7.357">
    <system-out><![CDATA[
Scenario: User registers and logs in successfully         &amp#27;[90m# src/test/resources/features/demowebshop.feature:9&amp#27;[0m
  &amp#27;[32mGiven &amp#27;[0m&amp#27;[32mUser is on the registration page&amp#27;[0m                  &amp#27;[90m# StepsDefinition.DemoWebShopSteps.user_is_on_the_registration_page()&amp#27;[0m
  &amp#27;[32mWhen &amp#27;[0m&amp#27;[32mUser enters valid details in the form&amp#27;[0m              &amp#27;[90m# StepsDefinition.DemoWebShopSteps.user_enters_valid_details_in_the_form()&amp#27;[0m
  &amp#27;[32mGiven &amp#27;[0m&amp#27;[32mUser is on the registration page&amp#27;[0m                  &amp#27;[90m# StepsDefinition.DemoWebShopSteps.user_is_on_the_registration_page()&amp#27;[0m
  &amp#27;[32mWhen &amp#27;[0m&amp#27;[32mUser enters valid details in the form&amp#27;[0m              &amp#27;[90m# StepsDefinition.DemoWebShopSteps.user_enters_valid_details_in_the_form()&amp#27;[0m
  &amp#27;[32mAnd &amp#27;[0m&amp#27;[32mUser click the register&amp#27;[0m                             &amp#27;[90m# StepsDefinition.DemoWebShopSteps.user_click_the_register()&amp#27;[0m
Expected: Your registration completed
Actual: Your registration completed
  &amp#27;[32mThen &amp#27;[0m&amp#27;[32m&amp#27;[0m&amp#27;[32m&amp#27;[1m"Your registration completed"&amp#27;[0m&amp#27;[32m message is displayed&amp#27;[0m &amp#27;[90m# StepsDefinition.DemoWebShopSteps.message_is_displayed(java.lang.String)&amp#27;[0m
]]></system-out>
    <system-err><![CDATA[Mar 26, 2025 11:58:20 AM org.openqa.selenium.devtools.CdpVersionFinder findNearestMatch
WARNING: Unable to find an exact match for CDP version 134, returning the closest version; found: 133; Please update to a Selenium version that supports CDP version 134
]]></system-err>
  </testcase>
  <testcase name="runScenario[&quot;User registers and logs in successfully&quot;, &quot;Demo Web Shop Testing&quot;](2)" classname="Runner.TestRunner" time="3.334">
    <system-out><![CDATA[
Scenario Outline: User logs in with different credentials    &amp#27;[90m# src/test/resources/features/demowebshop.feature:22&amp#27;[0m
  &amp#27;[32mAnd &amp#27;[0m&amp#27;[32mUser click the register&amp#27;[0m                             &amp#27;[90m# StepsDefinition.DemoWebShopSteps.user_click_the_register()&amp#27;[0m
Expected: Your registration completed
Actual: Your registration completed
  &amp#27;[32mThen &amp#27;[0m&amp#27;[32m&amp#27;[0m&amp#27;[32m&amp#27;[1m"Your registration completed"&amp#27;[0m&amp#27;[32m message is displayed&amp#27;[0m &amp#27;[90m# StepsDefinition.DemoWebShopSteps.message_is_displayed(java.lang.String)&amp#27;[0m
]]></system-out>
    <system-err><![CDATA[Mar 26, 2025 11:58:27 AM org.openqa.selenium.devtools.CdpVersionFinder findNearestMatch
WARNING: Unable to find an exact match for CDP version 134, returning the closest version; found: 133; Please update to a Selenium version that supports CDP version 134
]]></system-err>
  </testcase>
  <testcase name="runScenario[&quot;User logs in with different credentials&quot;, &quot;Demo Web Shop Testing&quot;](3)" classname="Runner.TestRunner" time="4.043">
    <system-out><![CDATA[
Scenario Outline: User logs in with different credentials    &amp#27;[90m# src/test/resources/features/demowebshop.feature:22&amp#27;[0m
  &amp#27;[32mGiven &amp#27;[0m&amp#27;[32mUser is on home page&amp#27;[0m                                 &amp#27;[90m# StepsDefinition.DemoWebShopSteps.user_is_on_home_page()&amp#27;[0m
  &amp#27;[32mWhen &amp#27;[0m&amp#27;[32mUser enters &amp#27;[0m&amp#27;[32m&amp#27;[1m"invalid@example.com"&amp#27;[0m&amp#27;[32m and &amp#27;[0m&amp#27;[32m&amp#27;[1m"wrongpassword"&amp#27;[0m &amp#27;[90m# StepsDefinition.DemoWebShopSteps.user_enters_credentials(java.lang.String,java.lang.String)&amp#27;[0m
Test Passed: Error message is correctly displayed for invalid credentials.
  &amp#27;[32mThen &amp#27;[0m&amp#27;[32m&amp#27;[0m&amp#27;[32m&amp#27;[1m"The credentials provided are incorrect"&amp#27;[0m&amp#27;[32m is displayed&amp#27;[0m &amp#27;[90m# StepsDefinition.DemoWebShopSteps.verify_message_displayed(java.lang.String)&amp#27;[0m
]]></system-out>
    <system-err><![CDATA[Mar 26, 2025 11:58:30 AM org.openqa.selenium.devtools.CdpVersionFinder findNearestMatch
WARNING: Unable to find an exact match for CDP version 134, returning the closest version; found: 133; Please update to a Selenium version that supports CDP version 134
]]></system-err>
  </testcase>
  <testcase name="runScenario[&quot;User logs in with different credentials&quot;, &quot;Demo Web Shop Testing&quot;](3)" classname="Runner.TestRunner" time="4.715">
    <system-out><![CDATA[
Scenario Outline: User logs in with different credentials            &amp#27;[90m# src/test/resources/features/demowebshop.feature:23&amp#27;[0m
  &amp#27;[32mGiven &amp#27;[0m&amp#27;[32mUser is on home page&amp#27;[0m                                 &amp#27;[90m# StepsDefinition.DemoWebShopSteps.user_is_on_home_page()&amp#27;[0m
  &amp#27;[32mWhen &amp#27;[0m&amp#27;[32mUser enters &amp#27;[0m&amp#27;[32m&amp#27;[1m"invalid@example.com"&amp#27;[0m&amp#27;[32m and &amp#27;[0m&amp#27;[32m&amp#27;[1m"wrongpassword"&amp#27;[0m &amp#27;[90m# StepsDefinition.DemoWebShopSteps.user_enters_credentials(java.lang.String,java.lang.String)&amp#27;[0m
Test Passed: Error message is correctly displayed for invalid credentials.
  &amp#27;[32mThen &amp#27;[0m&amp#27;[32m&amp#27;[0m&amp#27;[32m&amp#27;[1m"The credentials provided are incorrect"&amp#27;[0m&amp#27;[32m is displayed&amp#27;[0m &amp#27;[90m# StepsDefinition.DemoWebShopSteps.verify_message_displayed(java.lang.String)&amp#27;[0m
]]></system-out>
    <system-err><![CDATA[Mar 26, 2025 11:58:34 AM org.openqa.selenium.devtools.CdpVersionFinder findNearestMatch
WARNING: Unable to find an exact match for CDP version 134, returning the closest version; found: 133; Please update to a Selenium version that supports CDP version 134
]]></system-err>
  </testcase>
  <testcase name="runScenario[&quot;User logs in with different credentials&quot;, &quot;Demo Web Shop Testing&quot;](4)" classname="Runner.TestRunner" time="2.071">
    <system-out><![CDATA[
Scenario Outline: User logs in with different credentials            &amp#27;[90m# src/test/resources/features/demowebshop.feature:23&amp#27;[0m
  &amp#27;[32mGiven &amp#27;[0m&amp#27;[32mUser is on home page&amp#27;[0m                                         &amp#27;[90m# StepsDefinition.DemoWebShopSteps.user_is_on_home_page()&amp#27;[0m
  &amp#27;[32mWhen &amp#27;[0m&amp#27;[32mUser enters &amp#27;[0m&amp#27;[32m&amp#27;[1m"testfunctionality@example.com"&amp#27;[0m&amp#27;[32m and &amp#27;[0m&amp#27;[32m&amp#27;[1m"Password123"&amp#27;[0m &amp#27;[90m# StepsDefinition.DemoWebShopSteps.user_enters_credentials(java.lang.String,java.lang.String)&amp#27;[0m
Test Passed: User successfully logged in, and email is displayed.
  &amp#27;[32mThen &amp#27;[0m&amp#27;[32m&amp#27;[0m&amp#27;[32m&amp#27;[1m"User Email Displayed"&amp#27;[0m&amp#27;[32m is displayed&amp#27;[0m                           &amp#27;[90m# StepsDefinition.DemoWebShopSteps.verify_message_displayed(java.lang.String)&amp#27;[0m
]]></system-out>
    <system-err><![CDATA[Mar 26, 2025 11:58:39 AM org.openqa.selenium.devtools.CdpVersionFinder findNearestMatch
WARNING: Unable to find an exact match for CDP version 134, returning the closest version; found: 133; Please update to a Selenium version that supports CDP version 134
]]></system-err>
  </testcase>
  <testcase name="runScenario[&quot;User logs in with different credentials&quot;, &quot;Demo Web Shop Testing&quot;](4)" classname="Runner.TestRunner" time="6.821">
    <system-out><![CDATA[
Scenario: User logs out successfully                &amp#27;[90m# src/test/resources/features/demowebshop.feature:25&amp#27;[0m
  &amp#27;[32mGiven &amp#27;[0m&amp#27;[32mUser is on home page&amp#27;[0m                                         &amp#27;[90m# StepsDefinition.DemoWebShopSteps.user_is_on_home_page()&amp#27;[0m
  &amp#27;[32mWhen &amp#27;[0m&amp#27;[32mUser enters &amp#27;[0m&amp#27;[32m&amp#27;[1m"testfunctionality@example.com"&amp#27;[0m&amp#27;[32m and &amp#27;[0m&amp#27;[32m&amp#27;[1m"Password123"&amp#27;[0m &amp#27;[90m# StepsDefinition.DemoWebShopSteps.user_enters_credentials(java.lang.String,java.lang.String)&amp#27;[0m
Test Passed: User successfully logged in, and email is displayed.
  &amp#27;[32mThen &amp#27;[0m&amp#27;[32m&amp#27;[0m&amp#27;[32m&amp#27;[1m"User Email Displayed"&amp#27;[0m&amp#27;[32m is displayed&amp#27;[0m                           &amp#27;[90m# StepsDefinition.DemoWebShopSteps.verify_message_displayed(java.lang.String)&amp#27;[0m
]]></system-out>
    <system-err><![CDATA[Mar 26, 2025 11:58:41 AM org.openqa.selenium.devtools.CdpVersionFinder findNearestMatch
WARNING: Unable to find an exact match for CDP version 134, returning the closest version; found: 133; Please update to a Selenium version that supports CDP version 134
]]></system-err>
  </testcase>
  <testcase name="runScenario[&quot;User logs out successfully&quot;, &quot;Demo Web Shop Testing&quot;](5)" classname="Runner.TestRunner" time="2.269">
    <system-out><![CDATA[
Scenario: User logs out successfully                &amp#27;[90m# src/test/resources/features/demowebshop.feature:25&amp#27;[0m
  &amp#27;[32mGiven &amp#27;[0m&amp#27;[32mUser is logged in&amp#27;[0m                           &amp#27;[90m# StepsDefinition.DemoWebShopSteps.user_is_logged_in()&amp#27;[0m
  &amp#27;[32mWhen &amp#27;[0m&amp#27;[32mUser clicks on the logout button&amp#27;[0m             &amp#27;[90m# StepsDefinition.DemoWebShopSteps.user_clicks_on_the_logout_button()&amp#27;[0m
Test Passed: User successfully logged out and login button is visible.
  &amp#27;[32mThen &amp#27;[0m&amp#27;[32mUser is logged out and sees the login button&amp#27;[0m &amp#27;[90m# StepsDefinition.DemoWebShopSteps.user_is_logged_out_and_sees_the_login_button()&amp#27;[0m
]]></system-out>
    <system-err><![CDATA[Mar 26, 2025 11:58:48 AM org.openqa.selenium.devtools.CdpVersionFinder findNearestMatch
WARNING: Unable to find an exact match for CDP version 134, returning the closest version; found: 133; Please update to a Selenium version that supports CDP version 134
]]></system-err>
  </testcase>
  <testcase name="runScenario[&quot;User logs out successfully&quot;, &quot;Demo Web Shop Testing&quot;](5)" classname="Runner.TestRunner" time="7.367">
    <system-out><![CDATA[
Scenario: Product Search and Add to Cart                                              &amp#27;[90m# src/test/resources/features/demowebshop.feature:30&amp#27;[0m
HomePage
  &amp#27;[32mGiven &amp#27;[0m&amp#27;[32mUser is on the homepage&amp#27;[0m                                                       &amp#27;[90m# StepsDefinition.DemoWebShopSteps.user_is_on_the_homepage()&amp#27;[0m
  &amp#27;[32mWhen &amp#27;[0m&amp#27;[32mUser search for a product&amp#27;[0m                                                      &amp#27;[90m# StepsDefinition.DemoWebShopSteps.user_search_for_a_product()&amp#27;[0m
  &amp#27;[32mGiven &amp#27;[0m&amp#27;[32mUser is logged in&amp#27;[0m                           &amp#27;[90m# StepsDefinition.DemoWebShopSteps.user_is_logged_in()&amp#27;[0m
  &amp#27;[32mAnd &amp#27;[0m&amp#27;[32mclicks the search button&amp#27;[0m                                                        &amp#27;[90m# StepsDefinition.DemoWebShopSteps.clicks_the_search_button()&amp#27;[0m
  &amp#27;[32mWhen &amp#27;[0m&amp#27;[32mUser clicks on the logout button&amp#27;[0m             &amp#27;[90m# StepsDefinition.DemoWebShopSteps.user_clicks_on_the_logout_button()&amp#27;[0m
Test Passed: User successfully logged out and login button is visible.
  &amp#27;[32mThen &amp#27;[0m&amp#27;[32mUser is logged out and sees the login button&amp#27;[0m &amp#27;[90m# StepsDefinition.DemoWebShopSteps.user_is_logged_out_and_sees_the_login_button()&amp#27;[0m
  &amp#27;[32mAnd &amp#27;[0m&amp#27;[32mclicks on the product from the search results&amp#27;[0m                                   &amp#27;[90m# StepsDefinition.DemoWebShopSteps.clicks_on_the_product_from_the_search_results()&amp#27;[0m
  &amp#27;[32mAnd &amp#27;[0m&amp#27;[32mclicks the Add to Cart button&amp#27;[0m                                                   &amp#27;[90m# StepsDefinition.DemoWebShopSteps.clicks_the_add_to_cart_button()&amp#27;[0m
]]></system-out>
    <system-err><![CDATA[Mar 26, 2025 11:58:50 AM org.openqa.selenium.devtools.CdpVersionFinder findNearestMatch
WARNING: Unable to find an exact match for CDP version 134, returning the closest version; found: 133; Please update to a Selenium version that supports CDP version 134
]]></system-err>
  </testcase>
  <testcase name="runScenario[&quot;Product Search and Add to Cart&quot;, &quot;Demo Web Shop Testing&quot;](6)" classname="Runner.TestRunner" time="0.479">
    <system-out><![CDATA[
Scenario: Product Search and Add to Cart                                              &amp#27;[90m# src/test/resources/features/demowebshop.feature:30&amp#27;[0m
Expected: The product has been added to your shopping cart
Actual: The product has been added to your shopping cart
  &amp#27;[32mThen &amp#27;[0m&amp#27;[32m&amp#27;[0m&amp#27;[32m&amp#27;[1m"The product has been added to your shopping cart"&amp#27;[0m&amp#27;[32m message should be displayed&amp#27;[0m &amp#27;[90m# StepsDefinition.DemoWebShopSteps.message_should_be_displayed(java.lang.String)&amp#27;[0m
]]></system-out>
  </testcase>
  <testcase name="runScenario[&quot;Product Search and Add to Cart&quot;, &quot;Demo Web Shop Testing&quot;](6)" classname="Runner.TestRunner" time="10.084">
    <system-out><![CDATA[
Scenario: Adding multiple products to cart and validating cart summary &amp#27;[90m# src/test/resources/features/demowebshop.feature:38&amp#27;[0m
HomePage
  &amp#27;[32mGiven &amp#27;[0m&amp#27;[32mUser is on the homepage&amp#27;[0m                                                       &amp#27;[90m# StepsDefinition.DemoWebShopSteps.user_is_on_the_homepage()&amp#27;[0m
  &amp#27;[32mWhen &amp#27;[0m&amp#27;[32mUser search for a product&amp#27;[0m                                                      &amp#27;[90m# StepsDefinition.DemoWebShopSteps.user_search_for_a_product()&amp#27;[0m
HomePage
  &amp#27;[32mGiven &amp#27;[0m&amp#27;[32mUser is on the homepage&amp#27;[0m                                        &amp#27;[90m# StepsDefinition.DemoWebShopSteps.user_is_on_the_homepage()&amp#27;[0m
  &amp#27;[32mAnd &amp#27;[0m&amp#27;[32mclicks the search button&amp#27;[0m                                                        &amp#27;[90m# StepsDefinition.DemoWebShopSteps.clicks_the_search_button()&amp#27;[0m
  &amp#27;[32mAnd &amp#27;[0m&amp#27;[32mclicks on the product from the search results&amp#27;[0m                                   &amp#27;[90m# StepsDefinition.DemoWebShopSteps.clicks_on_the_product_from_the_search_results()&amp#27;[0m
  &amp#27;[32mAnd &amp#27;[0m&amp#27;[32mclicks the Add to Cart button&amp#27;[0m                                                   &amp#27;[90m# StepsDefinition.DemoWebShopSteps.clicks_the_add_to_cart_button()&amp#27;[0m
Expected: The product has been added to your shopping cart
Actual: The product has been added to your shopping cart
  &amp#27;[32mThen &amp#27;[0m&amp#27;[32m&amp#27;[0m&amp#27;[32m&amp#27;[1m"The product has been added to your shopping cart"&amp#27;[0m&amp#27;[32m message should be displayed&amp#27;[0m &amp#27;[90m# StepsDefinition.DemoWebShopSteps.message_should_be_displayed(java.lang.String)&amp#27;[0m
  &amp#27;[32mWhen &amp#27;[0m&amp#27;[32mUser searches for the first product and adds it to the cart&amp#27;[0m     &amp#27;[90m# StepsDefinition.DemoWebShopSteps.user_searches_for_the_first_product_and_adds_it_to_the_cart()&amp#27;[0m
]]></system-out>
    <system-err><![CDATA[Mar 26, 2025 11:58:58 AM org.openqa.selenium.devtools.CdpVersionFinder findNearestMatch
WARNING: Unable to find an exact match for CDP version 134, returning the closest version; found: 133; Please update to a Selenium version that supports CDP version 134
Mar 26, 2025 11:58:59 AM org.openqa.selenium.devtools.CdpVersionFinder findNearestMatch
WARNING: Unable to find an exact match for CDP version 134, returning the closest version; found: 133; Please update to a Selenium version that supports CDP version 134
]]></system-err>
  </testcase>
  <testcase name="runScenario[&quot;Adding multiple products to cart and validating cart summary&quot;, &quot;Demo Web Shop Testing&quot;](7)" classname="Runner.TestRunner" time="4.928">
    <system-out><![CDATA[
Scenario: Adding multiple products to cart and validating cart summary &amp#27;[90m# src/test/resources/features/demowebshop.feature:38&amp#27;[0m
  &amp#27;[32mAnd &amp#27;[0m&amp#27;[32mUser searches for the second product and adds it to the cart&amp#27;[0m     &amp#27;[90m# StepsDefinition.DemoWebShopSteps.user_searches_for_the_second_product_and_adds_it_to_the_cart()&amp#27;[0m
  &amp#27;[32mAnd &amp#27;[0m&amp#27;[32mUser navigates to the cart page&amp#27;[0m                                  &amp#27;[90m# StepsDefinition.DemoWebShopSteps.user_navigates_to_the_cart_page()&amp#27;[0m
First product title matched.
Second product title matched.
  &amp#27;[32mThen &amp#27;[0m&amp#27;[32mBoth products should be displayed in the cart&amp#27;[0m                   &amp#27;[90m# StepsDefinition.DemoWebShopSteps.both_products_should_be_displayed_in_the_cart()&amp#27;[0m
Total price matched.
  &amp#27;[32mAnd &amp#27;[0m&amp#27;[32mTotal price should be displayed&amp#27;[0m                                  &amp#27;[90m# StepsDefinition.DemoWebShopSteps.total_price_should_be_displayed()&amp#27;[0m
]]></system-out>
    <system-err><![CDATA[Mar 26, 2025 11:59:08 AM org.openqa.selenium.devtools.CdpVersionFinder findNearestMatch
WARNING: Unable to find an exact match for CDP version 134, returning the closest version; found: 133; Please update to a Selenium version that supports CDP version 134
]]></system-err>
  </testcase>
  <testcase name="runScenario[&quot;Adding multiple products to cart and validating cart summary&quot;, &quot;Demo Web Shop Testing&quot;](7)" classname="Runner.TestRunner" time="0.012">
    <system-out><![CDATA[
Scenario: Checkout Process with Invalid Data Handling &amp#27;[90m# src/test/resources/features/demowebshop.feature:53&amp#27;[0m
]]></system-out>
  </testcase>
  <testcase name="runScenario[&quot;Applying a Coupon Code and Verifying Discount&quot;, &quot;Demo Web Shop Testing&quot;](8)" classname="Runner.TestRunner" time="9.724">
    <system-out><![CDATA[
Scenario: Applying a Coupon Code and Verifying Discount                &amp#27;[90m# src/test/resources/features/demowebshop.feature:46&amp#27;[0m
HomePage
  &amp#27;[32mGiven &amp#27;[0m&amp#27;[32mUser is on the homepage&amp#27;[0m                                        &amp#27;[90m# StepsDefinition.DemoWebShopSteps.user_is_on_the_homepage()&amp#27;[0m
  &amp#27;[32mWhen &amp#27;[0m&amp#27;[32mUser searches for the first product and adds it to the cart&amp#27;[0m     &amp#27;[90m# StepsDefinition.DemoWebShopSteps.user_searches_for_the_first_product_and_adds_it_to_the_cart()&amp#27;[0m
  &amp#27;[32mGiven &amp#27;[0m&amp#27;[32mUser adds a product to the cart&amp#27;[0m                                &amp#27;[90m# StepsDefinition.DemoWebShopSteps.user_adds_a_product_to_the_cart()&amp#27;[0m
  &amp#27;[32mAnd &amp#27;[0m&amp#27;[32mUser searches for the second product and adds it to the cart&amp#27;[0m     &amp#27;[90m# StepsDefinition.DemoWebShopSteps.user_searches_for_the_second_product_and_adds_it_to_the_cart()&amp#27;[0m
  &amp#27;[32mAnd &amp#27;[0m&amp#27;[32mUser navigates to the cart page&amp#27;[0m                                  &amp#27;[90m# StepsDefinition.DemoWebShopSteps.user_navigates_to_the_cart_page()&amp#27;[0m
First product title matched.
Second product title matched.
  &amp#27;[32mThen &amp#27;[0m&amp#27;[32mBoth products should be displayed in the cart&amp#27;[0m                   &amp#27;[90m# StepsDefinition.DemoWebShopSteps.both_products_should_be_displayed_in_the_cart()&amp#27;[0m
Total price matched.
  &amp#27;[32mAnd &amp#27;[0m&amp#27;[32mTotal price should be displayed&amp#27;[0m                                  &amp#27;[90m# StepsDefinition.DemoWebShopSteps.total_price_should_be_displayed()&amp#27;[0m
  &amp#27;[32mAnd &amp#27;[0m&amp#27;[32mUser navigates to the checkout page&amp#27;[0m                              &amp#27;[90m# StepsDefinition.DemoWebShopSteps.user_navigates_to_the_checkout_page()&amp#27;[0m
  &amp#27;[32mWhen &amp#27;[0m&amp#27;[32mUser enters a coupon code&amp#27;[0m                                       &amp#27;[90m# StepsDefinition.DemoWebShopSteps.user_enters_a_coupon_code()&amp#27;[0m
  &amp#27;[32mThen &amp#27;[0m&amp#27;[32mUser should be able to see whether the coupon is applied or not&amp#27;[0m &amp#27;[90m# StepsDefinition.DemoWebShopSteps.user_should_be_able_to_see_whether_the_coupon_is_applied_or_not()&amp#27;[0m
Displayed message: The coupon code you entered couldn't be applied to your order
  &amp#27;[32mAnd &amp#27;[0m&amp#27;[32mRelevant message should be displayed&amp#27;[0m                             &amp#27;[90m# StepsDefinition.DemoWebShopSteps.a_relevant_message_should_be_displayed()&amp#27;[0m
]]></system-out>
    <system-err><![CDATA[Mar 26, 2025 11:59:13 AM org.openqa.selenium.devtools.CdpVersionFinder findNearestMatch
WARNING: Unable to find an exact match for CDP version 134, returning the closest version; found: 133; Please update to a Selenium version that supports CDP version 134
]]></system-err>
  </testcase>
  <testcase name="runScenario[&quot;Applying a Coupon Code and Verifying Discount&quot;, &quot;Demo Web Shop Testing&quot;](8)" classname="Runner.TestRunner" time="11.035">
    <system-out><![CDATA[
Scenario: Applying a Coupon Code and Verifying Discount                &amp#27;[90m# src/test/resources/features/demowebshop.feature:46&amp#27;[0m
  &amp#27;[32mGiven &amp#27;[0m&amp#27;[32mUser added a product to the cart&amp#27;[0m              &amp#27;[90m# StepsDefinition.DemoWebShopSteps.user_added_a_product_to_the_cart()&amp#27;[0m
  &amp#27;[32mGiven &amp#27;[0m&amp#27;[32mUser adds a product to the cart&amp#27;[0m                                &amp#27;[90m# StepsDefinition.DemoWebShopSteps.user_adds_a_product_to_the_cart()&amp#27;[0m
  &amp#27;[32mAnd &amp#27;[0m&amp#27;[32mUser is on the cart page&amp#27;[0m                        &amp#27;[90m# StepsDefinition.DemoWebShopSteps.user_is_on_the_cart_page()&amp#27;[0m
  &amp#27;[32mAnd &amp#27;[0m&amp#27;[32mUser navigates to the checkout page&amp#27;[0m                              &amp#27;[90m# StepsDefinition.DemoWebShopSteps.user_navigates_to_the_checkout_page()&amp#27;[0m
  &amp#27;[32mWhen &amp#27;[0m&amp#27;[32mUser enters a coupon code&amp#27;[0m                                       &amp#27;[90m# StepsDefinition.DemoWebShopSteps.user_enters_a_coupon_code()&amp#27;[0m
  &amp#27;[32mThen &amp#27;[0m&amp#27;[32mUser should be able to see whether the coupon is applied or not&amp#27;[0m &amp#27;[90m# StepsDefinition.DemoWebShopSteps.user_should_be_able_to_see_whether_the_coupon_is_applied_or_not()&amp#27;[0m
Displayed message: The coupon code you entered couldn't be applied to your order
  &amp#27;[32mAnd &amp#27;[0m&amp#27;[32mRelevant message should be displayed&amp#27;[0m                             &amp#27;[90m# StepsDefinition.DemoWebShopSteps.a_relevant_message_should_be_displayed()&amp#27;[0m
]]></system-out>
    <system-err><![CDATA[Mar 26, 2025 11:59:24 AM org.openqa.selenium.devtools.CdpVersionFinder findNearestMatch
WARNING: Unable to find an exact match for CDP version 134, returning the closest version; found: 133; Please update to a Selenium version that supports CDP version 134
Mar 26, 2025 11:59:24 AM org.openqa.selenium.devtools.CdpVersionFinder findNearestMatch
WARNING: Unable to find an exact match for CDP version 134, returning the closest version; found: 133; Please update to a Selenium version that supports CDP version 134
]]></system-err>
  </testcase>
  <testcase name="runScenario[&quot;Checkout Process with Invalid Data Handling&quot;, &quot;Demo Web Shop Testing&quot;](9)" classname="Runner.TestRunner" time="3.091">
    <system-out><![CDATA[  &amp#27;[32mWhen &amp#27;[0m&amp#27;[32mUser clicks the checkout button&amp#27;[0m                &amp#27;[90m# StepsDefinition.DemoWebShopSteps.user_clicks_the_checkout_button()&amp#27;[0m

Scenario: Checkout Process with Invalid Data Handling &amp#27;[90m# src/test/resources/features/demowebshop.feature:53&amp#27;[0m
  &amp#27;[32mWhen &amp#27;[0m&amp#27;[32mUser enters invalid shipping details&amp#27;[0m           &amp#27;[90m# StepsDefinition.DemoWebShopSteps.user_enters_invalid_shipping_details()&amp#27;[0m
Error: Wrong email
  &amp#27;[32mThen &amp#27;[0m&amp#27;[32mError message should be displayed&amp#27;[0m              &amp#27;[90m# StepsDefinition.DemoWebShopSteps.error_message_should_be_displayed()&amp#27;[0m
]]></system-out>
    <system-err><![CDATA[Mar 26, 2025 11:59:34 AM org.openqa.selenium.devtools.CdpVersionFinder findNearestMatch
WARNING: Unable to find an exact match for CDP version 134, returning the closest version; found: 133; Please update to a Selenium version that supports CDP version 134
]]></system-err>
  </testcase>
  <testcase name="runScenario[&quot;Checkout Process with Invalid Data Handling&quot;, &quot;Demo Web Shop Testing&quot;](9)" classname="Runner.TestRunner" time="10.606">
    <system-out><![CDATA[
Scenario: Checkout Process with Valid Data Handling   &amp#27;[90m# src/test/resources/features/demowebshop.feature:60&amp#27;[0m
  &amp#27;[32mGiven &amp#27;[0m&amp#27;[32mUser added a product to the cart&amp#27;[0m              &amp#27;[90m# StepsDefinition.DemoWebShopSteps.user_added_a_product_to_the_cart()&amp#27;[0m
  &amp#27;[32mAnd &amp#27;[0m&amp#27;[32mUser is on the cart page&amp#27;[0m                        &amp#27;[90m# StepsDefinition.DemoWebShopSteps.user_is_on_the_cart_page()&amp#27;[0m
  &amp#27;[32mGiven &amp#27;[0m&amp#27;[32mUser added a product to the cart&amp#27;[0m              &amp#27;[90m# StepsDefinition.DemoWebShopSteps.user_added_a_product_to_the_cart()&amp#27;[0m
  &amp#27;[32mAnd &amp#27;[0m&amp#27;[32mUser is on the cart page&amp#27;[0m                        &amp#27;[90m# StepsDefinition.DemoWebShopSteps.user_is_on_the_cart_page()&amp#27;[0m
  &amp#27;[32mWhen &amp#27;[0m&amp#27;[32mUser clicks the checkout button&amp#27;[0m                &amp#27;[90m# StepsDefinition.DemoWebShopSteps.user_clicks_the_checkout_button()&amp#27;[0m
  &amp#27;[32mWhen &amp#27;[0m&amp#27;[32mUser enters invalid shipping details&amp#27;[0m           &amp#27;[90m# StepsDefinition.DemoWebShopSteps.user_enters_invalid_shipping_details()&amp#27;[0m
Error: Wrong email
  &amp#27;[32mThen &amp#27;[0m&amp#27;[32mError message should be displayed&amp#27;[0m              &amp#27;[90m# StepsDefinition.DemoWebShopSteps.error_message_should_be_displayed()&amp#27;[0m
  &amp#27;[32mWhen &amp#27;[0m&amp#27;[32mUser clicks the checkout button&amp#27;[0m                &amp#27;[90m# StepsDefinition.DemoWebShopSteps.user_clicks_the_checkout_button()&amp#27;[0m
]]></system-out>
    <system-err><![CDATA[Mar 26, 2025 11:59:37 AM org.openqa.selenium.devtools.CdpVersionFinder findNearestMatch
WARNING: Unable to find an exact match for CDP version 134, returning the closest version; found: 133; Please update to a Selenium version that supports CDP version 134
]]></system-err>
  </testcase>
  <testcase name="runScenario[&quot;Checkout Process with Valid Data Handling&quot;, &quot;Demo Web Shop Testing&quot;](10)" classname="Runner.TestRunner" time="8.084">
    <system-out><![CDATA[
Scenario: Checkout Process with Valid Data Handling   &amp#27;[90m# src/test/resources/features/demowebshop.feature:60&amp#27;[0m
  &amp#27;[32mWhen &amp#27;[0m&amp#27;[32mUser enters valid shipping details&amp#27;[0m             &amp#27;[90m# StepsDefinition.DemoWebShopSteps.user_enters_valid_shipping_details()&amp#27;[0m
  &amp#27;[32mAnd &amp#27;[0m&amp#27;[32mCompletes the checkout process&amp#27;[0m                  &amp#27;[90m# StepsDefinition.DemoWebShopSteps.completes_the_checkout_process()&amp#27;[0m
  &amp#27;[32mGiven &amp#27;[0m&amp#27;[32mUser added a product to the cart&amp#27;[0m              &amp#27;[90m# StepsDefinition.DemoWebShopSteps.user_added_a_product_to_the_cart()&amp#27;[0m
Success: Your order has been successfully processed!
  &amp#27;[32mThen &amp#27;[0m&amp#27;[32mOrder confirmation message should be displayed&amp#27;[0m &amp#27;[90m# StepsDefinition.DemoWebShopSteps.order_confirmation_message_should_be_displayed()&amp#27;[0m
]]></system-out>
    <system-err><![CDATA[Mar 26, 2025 11:59:48 AM org.openqa.selenium.devtools.CdpVersionFinder findNearestMatch
WARNING: Unable to find an exact match for CDP version 134, returning the closest version; found: 133; Please update to a Selenium version that supports CDP version 134
]]></system-err>
  </testcase>
  <testcase name="runScenario[&quot;Checkout Process with Valid Data Handling&quot;, &quot;Demo Web Shop Testing&quot;](10)" classname="Runner.TestRunner" time="19.95">
    <system-out><![CDATA[  &amp#27;[32mAnd &amp#27;[0m&amp#27;[32mUser is on the cart page&amp#27;[0m                        &amp#27;[90m# StepsDefinition.DemoWebShopSteps.user_is_on_the_cart_page()&amp#27;[0m
  &amp#27;[32mWhen &amp#27;[0m&amp#27;[32mUser clicks the checkout button&amp#27;[0m                &amp#27;[90m# StepsDefinition.DemoWebShopSteps.user_clicks_the_checkout_button()&amp#27;[0m
  &amp#27;[32mWhen &amp#27;[0m&amp#27;[32mUser enters valid shipping details&amp#27;[0m             &amp#27;[90m# StepsDefinition.DemoWebShopSteps.user_enters_valid_shipping_details()&amp#27;[0m
  &amp#27;[32mAnd &amp#27;[0m&amp#27;[32mCompletes the checkout process&amp#27;[0m                  &amp#27;[90m# StepsDefinition.DemoWebShopSteps.completes_the_checkout_process()&amp#27;[0m
Success: Your order has been successfully processed!
  &amp#27;[32mThen &amp#27;[0m&amp#27;[32mOrder confirmation message should be displayed&amp#27;[0m &amp#27;[90m# StepsDefinition.DemoWebShopSteps.order_confirmation_message_should_be_displayed()&amp#27;[0m
]]></system-out>
  </testcase>
</testsuite>